<?xml version="1.0" encoding="UTF-8"?>
<!-- Generated by org.testng.reporters.JUnitXMLReporter -->
<testsuite ignored="0" hostname="DESKTOP-VDQN2TJ" failures="1" tests="1" name="Test" time="11.625" errors="0" timestamp="2025-09-06T17:09:15 IST">
  <testcase classname="io.cucumber.testng.AbstractTestNGCucumberTests" name="runScenario" time="9.018">
    <failure type="java.lang.AssertionError" message="expected [Cart] but found [Log out]">
      <![CDATA[java.lang.AssertionError: expected [Cart] but found [Log out]
at steps.Login.menu_options_should_be_visible(Login.java:72)
at ✽.menu options should be visible(file:///D:/Eclipse%20mars/mars%20workspace/Updated%20workspace/CucumberPageObjects/src/test/resources/features/Login.feature:11)
... Removed 6 stack frames]]>
    </failure>
  </testcase> <!-- runScenario -->
</testsuite> <!-- Test -->
