<?xml version="1.0" encoding="UTF-8"?>
<testsuite xmlns:xsi="http://www.w3.org/2001/XMLSchema-instance" xsi:noNamespaceSchemaLocation="https://maven.apache.org/surefire/maven-surefire-plugin/xsd/surefire-test-report.xsd" version="3.0.2" name="TestSuite" time="64.012" tests="2" errors="0" skipped="0" failures="0">
  <properties>
[...]
</properties>
  <testcase name="runScenario[&quot;validate cart module&quot;, &quot;Add products to Demoblaze application cart&quot;](1)" classname="runner.RunCuke" time="46.731">
    <system-out><![CDATA[
@addproduct
Scenario: validate cart module                                      # src/test/resources/features/AddProductToCart.feature:7
  Given I am on the homepage "https://www.demoblaze.com/index.html" # steps.Login.i_am_on_the_homepage(java.lang.String)
  When I click on the login button                                  # steps.Login.i_click_on_the_login_button()
  Then Application should take me to the landing page               # steps.Login.application_should_take_me_to_the_landing_page()
  And click on samsung galaxy s6 product                            # steps.AddProductToCartStep.click_on_samsung_galaxy_s6_product()
  And click on add to cart button                                   # steps.AddProductToCartStep.click_on_add_to_cart_button()
  And click ok button                                               # steps.AddProductToCartStep.click_ok_button()
  And click on cart menu button                                     # steps.AddProductToCartStep.click_on_cart_menu_button()
  And validate the presence of product in cart page                 # steps.AddProductToCartStep.validate_the_presence_of_product_in_cart_page()
]]></system-out>
    <system-err><![CDATA[Oct 21, 2025 4:54:05 PM org.openqa.selenium.devtools.CdpVersionFinder findNearestMatch
WARNING: Unable to find an exact match for CDP version 140, returning the closest version; found: 139; Please update to a Selenium version that supports CDP version 140
]]></system-err>
  </testcase>
  <testcase name="runScenario[&quot;validate login module&quot;, &quot;Login into Demoblaze application&quot;](2)" classname="runner.RunCuke" time="12.795">
    <system-out><![CDATA[
@login
Scenario: validate login module                                     # src/test/resources/features/Login.feature:7
  Given I am on the homepage "https://www.demoblaze.com/index.html" # steps.Login.i_am_on_the_homepage(java.lang.String)
  When I click on the login button                                  # steps.Login.i_click_on_the_login_button()
  Then Application should take me to the landing page               # steps.Login.application_should_take_me_to_the_landing_page()
  And menu options should be visible                                # steps.Login.menu_options_should_be_visible(java.util.List<java.lang.String>)
    | Menu     |
    | Home     |
    | Contact  |
    | About us |
    | Cart     |
    | Log out  |
]]></system-out>
    <system-err><![CDATA[Oct 21, 2025 4:54:38 PM org.openqa.selenium.devtools.CdpVersionFinder findNearestMatch
WARNING: Unable to find an exact match for CDP version 140, returning the closest version; found: 139; Please update to a Selenium version that supports CDP version 140
]]></system-err>
  </testcase>
</testsuite>