<?xml version="1.0" encoding="UTF-8"?>
<!-- Generated by org.testng.reporters.JUnitReportReporter -->
<testsuite hostname="DESKTOP-VDQN2TJ" failures="1" tests="1" name="runner.RunCuke" time="9.018" errors="0" timestamp="2025-09-06T17:09:15 IST" skipped="0">
  <testcase classname="runner.RunCuke" name="runScenario" time="9.018">
    <failure message="expected [Cart] but found [Log out]" type="java.lang.AssertionError">
      <![CDATA[java.lang.AssertionError: expected [Cart] but found [Log out]
at org.testng.Assert.fail(Assert.java:111)
at org.testng.Assert.failNotEquals(Assert.java:1578)
at org.testng.Assert.assertEqualsImpl(Assert.java:150)
at org.testng.Assert.assertEquals(Assert.java:132)
at org.testng.Assert.assertEquals(Assert.java:656)
at org.testng.Assert.assertEquals(Assert.java:666)
at steps.Login.menu_options_should_be_visible(Login.java:72)
at ✽.menu options should be visible(file:///D:/Eclipse%20mars/mars%20workspace/Updated%20workspace/CucumberPageObjects/src/test/resources/features/Login.feature:11)
]]>
    </failure>
  </testcase> <!-- runScenario -->
</testsuite> <!-- runner.RunCuke -->
